[{"line":1,"elements":[{"line":3,"name":"Navigating to website as guest user","description":"","type":"background","keyword":"Background","steps":[{"result":{"status":"skipped"},"line":4,"name":"I visit the website as a guest user","match":{"location":"stepDefination.Search.I_visit_the_website_as_a_guest_user()"},"keyword":"Given "}]},{"start_timestamp":"2022-11-10T15:41:29.404Z","before":[{"result":{"error_message":"org.openqa.selenium.SessionNotCreatedException: Could not start a new session. Response code 500. Message: session not created: This version of ChromeDriver only supports Chrome version 105\nCurrent browser version is 107.0.5304.87 with binary path C:\\Program Files (x86)\\Google\\Chrome\\Application\\chrome.exe \nHost info: host: 'BPS', ip: '192.168.34.206'\nBuild info: version: '4.5.0', revision: 'fe167b119a'\nSystem info: os.name: 'Windows 11', os.arch: 'amd64', os.version: '10.0', java.version: '18.0.1.1'\nDriver info: org.openqa.selenium.chrome.ChromeDriver\nCommand: [null, newSession {capabilities=[Capabilities {browserName: chrome, goog:chromeOptions: {args: [], extensions: []}}], desiredCapabilities=Capabilities {browserName: chrome, goog:chromeOptions: {args: [], extensions: []}}}]\r\n\tat org.openqa.selenium.remote.ProtocolHandshake.createSession(ProtocolHandshake.java:144)\r\n\tat org.openqa.selenium.remote.ProtocolHandshake.createSession(ProtocolHandshake.java:102)\r\n\tat org.openqa.selenium.remote.ProtocolHandshake.createSession(ProtocolHandshake.java:67)\r\n\tat org.openqa.selenium.remote.HttpCommandExecutor.execute(HttpCommandExecutor.java:156)\r\n\tat org.openqa.selenium.remote.service.DriverCommandExecutor.invokeExecute(DriverCommandExecutor.java:167)\r\n\tat org.openqa.selenium.remote.service.DriverCommandExecutor.execute(DriverCommandExecutor.java:142)\r\n\tat org.openqa.selenium.remote.RemoteWebDriver.execute(RemoteWebDriver.java:547)\r\n\tat org.openqa.selenium.remote.RemoteWebDriver.startSession(RemoteWebDriver.java:242)\r\n\tat org.openqa.selenium.remote.RemoteWebDriver.<init>(RemoteWebDriver.java:157)\r\n\tat org.openqa.selenium.chromium.ChromiumDriver.<init>(ChromiumDriver.java:101)\r\n\tat org.openqa.selenium.chrome.ChromeDriver.<init>(ChromeDriver.java:81)\r\n\tat org.openqa.selenium.chrome.ChromeDriver.<init>(ChromeDriver.java:49)\r\n\tat stepDefination.Banking_Login.setup(Banking_Login.java:21)\r\n","duration":6981392300,"status":"failed"},"match":{"location":"stepDefination.Banking_Login.setup()"}}],"line":6,"name":"Search for the products under Books category","description":"","id":"searching-of-various-categories-should-be-possible-along-with-product-search;search-for-the-products-under-books-category","after":[{"result":{"error_message":"java.lang.NullPointerException: Cannot invoke \"org.openqa.selenium.WebDriver.quit()\" because \"this.driver\" is null\r\n\tat stepDefination.Banking_Login.teardown(Banking_Login.java:68)\r\n","duration":1000700,"status":"failed"},"match":{"location":"stepDefination.Banking_Login.teardown()"}}],"type":"scenario","keyword":"Scenario","steps":[{"result":{"status":"skipped"},"line":8,"name":"I select the books option from the dropdown","match":{"location":"stepDefination.Search.I_select_the_books_option_from_the_dropdown()"},"keyword":"When "},{"result":{"status":"skipped"},"line":9,"name":"I click on Search icon","match":{"location":"stepDefination.Search.I_lick_on_Search_icon()"},"keyword":"And "},{"result":{"status":"skipped"},"line":10,"name":"I should see the books page loaded","match":{"location":"stepDefination.Search.I_should_see_the_books_page_loaded()"},"keyword":"Then "},{"result":{"status":"skipped"},"line":11,"name":"I should see Books at Amazon as heading","match":{"location":"stepDefination.Search.I_should_see_Books_at_Amazon_as_heading()"},"keyword":"And "},{"result":{"status":"skipped"},"line":12,"name":"I should not see other category products","match":{"location":"stepDefination.Search.I_should_not_see_other_category_products()"},"keyword":"But "}],"tags":[{"name":"@Books"}]},{"line":3,"name":"Navigating to website as guest user","description":"","type":"background","keyword":"Background","steps":[{"result":{"status":"skipped"},"line":4,"name":"I visit the website as a guest user","match":{"location":"stepDefination.Search.I_visit_the_website_as_a_guest_user()"},"keyword":"Given "}]},{"start_timestamp":"2022-11-10T15:41:36.444Z","before":[{"result":{"error_message":"org.openqa.selenium.SessionNotCreatedException: Could not start a new session. Response code 500. Message: session not created: This version of ChromeDriver only supports Chrome version 105\nCurrent browser version is 107.0.5304.87 with binary path C:\\Program Files (x86)\\Google\\Chrome\\Application\\chrome.exe \nHost info: host: 'BPS', ip: '192.168.34.206'\nBuild info: version: '4.5.0', revision: 'fe167b119a'\nSystem info: os.name: 'Windows 11', os.arch: 'amd64', os.version: '10.0', java.version: '18.0.1.1'\nDriver info: org.openqa.selenium.chrome.ChromeDriver\nCommand: [null, newSession {capabilities=[Capabilities {browserName: chrome, goog:chromeOptions: {args: [], extensions: []}}], desiredCapabilities=Capabilities {browserName: chrome, goog:chromeOptions: {args: [], extensions: []}}}]\r\n\tat org.openqa.selenium.remote.ProtocolHandshake.createSession(ProtocolHandshake.java:144)\r\n\tat org.openqa.selenium.remote.ProtocolHandshake.createSession(ProtocolHandshake.java:102)\r\n\tat org.openqa.selenium.remote.ProtocolHandshake.createSession(ProtocolHandshake.java:67)\r\n\tat org.openqa.selenium.remote.HttpCommandExecutor.execute(HttpCommandExecutor.java:156)\r\n\tat org.openqa.selenium.remote.service.DriverCommandExecutor.invokeExecute(DriverCommandExecutor.java:167)\r\n\tat org.openqa.selenium.remote.service.DriverCommandExecutor.execute(DriverCommandExecutor.java:142)\r\n\tat org.openqa.selenium.remote.RemoteWebDriver.execute(RemoteWebDriver.java:547)\r\n\tat org.openqa.selenium.remote.RemoteWebDriver.startSession(RemoteWebDriver.java:242)\r\n\tat org.openqa.selenium.remote.RemoteWebDriver.<init>(RemoteWebDriver.java:157)\r\n\tat org.openqa.selenium.chromium.ChromiumDriver.<init>(ChromiumDriver.java:101)\r\n\tat org.openqa.selenium.chrome.ChromeDriver.<init>(ChromeDriver.java:81)\r\n\tat org.openqa.selenium.chrome.ChromeDriver.<init>(ChromeDriver.java:49)\r\n\tat stepDefination.Banking_Login.setup(Banking_Login.java:21)\r\n","duration":2358695200,"status":"failed"},"match":{"location":"stepDefination.Banking_Login.setup()"}}],"line":14,"name":"Search for the products under Baby category","description":"","id":"searching-of-various-categories-should-be-possible-along-with-product-search;search-for-the-products-under-baby-category","after":[{"result":{"error_message":"java.lang.NullPointerException: Cannot invoke \"org.openqa.selenium.WebDriver.quit()\" because \"this.driver\" is null\r\n\tat stepDefination.Banking_Login.teardown(Banking_Login.java:68)\r\n","status":"failed"},"match":{"location":"stepDefination.Banking_Login.teardown()"}}],"type":"scenario","keyword":"Scenario","steps":[{"result":{"status":"skipped"},"line":16,"name":"I select the Baby option from the dropdown","match":{"location":"stepDefination.Search.I_select_the_Baby_option_from_the_dropdown()"},"keyword":"When "},{"result":{"status":"skipped"},"line":17,"name":"I click on Search icon","match":{"location":"stepDefination.Search.I_lick_on_Search_icon()"},"keyword":"And "},{"result":{"status":"skipped"},"line":18,"name":"I should see the Baby page loaded","match":{"location":"stepDefination.Search.I_should_see_the_Baby_page_loaded()"},"keyword":"Then "},{"result":{"status":"skipped"},"line":19,"name":"I should see The baby store as heading","match":{"location":"stepDefination.Search.I_should_see_The_baby_store_as_heading()"},"keyword":"And "},{"result":{"status":"skipped"},"line":20,"name":"I should not see other category products","match":{"location":"stepDefination.Search.I_should_not_see_other_category_products()"},"keyword":"But "}],"tags":[{"name":"@ignore"}]}],"name":"Searching of various categories should be possible along with product search","description":"","id":"searching-of-various-categories-should-be-possible-along-with-product-search","keyword":"Feature","uri":"file:features/Search.feature","tags":[]},{"line":3,"elements":[{"start_timestamp":"2022-11-10T15:41:38.823Z","before":[{"result":{"error_message":"org.openqa.selenium.SessionNotCreatedException: Could not start a new session. Response code 500. Message: session not created: This version of ChromeDriver only supports Chrome version 105\nCurrent browser version is 107.0.5304.87 with binary path C:\\Program Files (x86)\\Google\\Chrome\\Application\\chrome.exe \nHost info: host: 'BPS', ip: '192.168.34.206'\nBuild info: version: '4.5.0', revision: 'fe167b119a'\nSystem info: os.name: 'Windows 11', os.arch: 'amd64', os.version: '10.0', java.version: '18.0.1.1'\nDriver info: org.openqa.selenium.chrome.ChromeDriver\nCommand: [null, newSession {capabilities=[Capabilities {browserName: chrome, goog:chromeOptions: {args: [], extensions: []}}], desiredCapabilities=Capabilities {browserName: chrome, goog:chromeOptions: {args: [], extensions: []}}}]\r\n\tat org.openqa.selenium.remote.ProtocolHandshake.createSession(ProtocolHandshake.java:144)\r\n\tat org.openqa.selenium.remote.ProtocolHandshake.createSession(ProtocolHandshake.java:102)\r\n\tat org.openqa.selenium.remote.ProtocolHandshake.createSession(ProtocolHandshake.java:67)\r\n\tat org.openqa.selenium.remote.HttpCommandExecutor.execute(HttpCommandExecutor.java:156)\r\n\tat org.openqa.selenium.remote.service.DriverCommandExecutor.invokeExecute(DriverCommandExecutor.java:167)\r\n\tat org.openqa.selenium.remote.service.DriverCommandExecutor.execute(DriverCommandExecutor.java:142)\r\n\tat org.openqa.selenium.remote.RemoteWebDriver.execute(RemoteWebDriver.java:547)\r\n\tat org.openqa.selenium.remote.RemoteWebDriver.startSession(RemoteWebDriver.java:242)\r\n\tat org.openqa.selenium.remote.RemoteWebDriver.<init>(RemoteWebDriver.java:157)\r\n\tat org.openqa.selenium.chromium.ChromiumDriver.<init>(ChromiumDriver.java:101)\r\n\tat org.openqa.selenium.chrome.ChromeDriver.<init>(ChromeDriver.java:81)\r\n\tat org.openqa.selenium.chrome.ChromeDriver.<init>(ChromeDriver.java:49)\r\n\tat stepDefination.Banking_Login.setup(Banking_Login.java:21)\r\n","duration":1053975500,"status":"failed"},"match":{"location":"stepDefination.Banking_Login.setup()"}}],"line":13,"name":"User should only be able to login with valid credentials","description":"","id":"login-with-guru99-web-application;user-should-only-be-able-to-login-with-valid-credentials;;2","after":[{"result":{"error_message":"java.lang.NullPointerException: Cannot invoke \"org.openqa.selenium.WebDriver.quit()\" because \"this.driver\" is null\r\n\tat stepDefination.Banking_Login.teardown(Banking_Login.java:68)\r\n","status":"failed"},"match":{"location":"stepDefination.Banking_Login.teardown()"}}],"type":"scenario","keyword":"Scenario Outline","steps":[{"result":{"status":"skipped"},"line":6,"name":"I navigate to the guru99 website","match":{"location":"stepDefination.Banking_Login.I_navigate_to_the_guru99_website()"},"keyword":"Given "},{"result":{"status":"skipped"},"line":7,"name":"enter Username as \"mngr443901\" and Password as \"vEhYduq\"","match":{"arguments":[{"val":"mngr443901","offset":19},{"val":"vEhYduq","offset":48}],"location":"stepDefination.Banking_Login.enter_Username_as_and_Password_as(java.lang.String,java.lang.String)"},"keyword":"When "},{"result":{"status":"skipped"},"line":8,"name":"I click on Login","match":{"location":"stepDefination.Banking_Login.I_click_on_Login()"},"keyword":"And "},{"result":{"status":"skipped"},"line":9,"name":"User login based on expected \"success\" status","match":{"arguments":[{"val":"success","offset":30}],"location":"stepDefination.Banking_Login.User_login_based_on_expected_status(java.lang.String)"},"keyword":"Then "}]},{"start_timestamp":"2022-11-10T15:41:39.895Z","before":[{"result":{"error_message":"org.openqa.selenium.SessionNotCreatedException: Could not start a new session. Response code 500. Message: session not created: This version of ChromeDriver only supports Chrome version 105\nCurrent browser version is 107.0.5304.87 with binary path C:\\Program Files (x86)\\Google\\Chrome\\Application\\chrome.exe \nHost info: host: 'BPS', ip: '192.168.34.206'\nBuild info: version: '4.5.0', revision: 'fe167b119a'\nSystem info: os.name: 'Windows 11', os.arch: 'amd64', os.version: '10.0', java.version: '18.0.1.1'\nDriver info: org.openqa.selenium.chrome.ChromeDriver\nCommand: [null, newSession {capabilities=[Capabilities {browserName: chrome, goog:chromeOptions: {args: [], extensions: []}}], desiredCapabilities=Capabilities {browserName: chrome, goog:chromeOptions: {args: [], extensions: []}}}]\r\n\tat org.openqa.selenium.remote.ProtocolHandshake.createSession(ProtocolHandshake.java:144)\r\n\tat org.openqa.selenium.remote.ProtocolHandshake.createSession(ProtocolHandshake.java:102)\r\n\tat org.openqa.selenium.remote.ProtocolHandshake.createSession(ProtocolHandshake.java:67)\r\n\tat org.openqa.selenium.remote.HttpCommandExecutor.execute(HttpCommandExecutor.java:156)\r\n\tat org.openqa.selenium.remote.service.DriverCommandExecutor.invokeExecute(DriverCommandExecutor.java:167)\r\n\tat org.openqa.selenium.remote.service.DriverCommandExecutor.execute(DriverCommandExecutor.java:142)\r\n\tat org.openqa.selenium.remote.RemoteWebDriver.execute(RemoteWebDriver.java:547)\r\n\tat org.openqa.selenium.remote.RemoteWebDriver.startSession(RemoteWebDriver.java:242)\r\n\tat org.openqa.selenium.remote.RemoteWebDriver.<init>(RemoteWebDriver.java:157)\r\n\tat org.openqa.selenium.chromium.ChromiumDriver.<init>(ChromiumDriver.java:101)\r\n\tat org.openqa.selenium.chrome.ChromeDriver.<init>(ChromeDriver.java:81)\r\n\tat org.openqa.selenium.chrome.ChromeDriver.<init>(ChromeDriver.java:49)\r\n\tat stepDefination.Banking_Login.setup(Banking_Login.java:21)\r\n","duration":937514900,"status":"failed"},"match":{"location":"stepDefination.Banking_Login.setup()"}}],"line":14,"name":"User should only be able to login with valid credentials","description":"","id":"login-with-guru99-web-application;user-should-only-be-able-to-login-with-valid-credentials;;3","after":[{"result":{"error_message":"java.lang.NullPointerException: Cannot invoke \"org.openqa.selenium.WebDriver.quit()\" because \"this.driver\" is null\r\n\tat stepDefination.Banking_Login.teardown(Banking_Login.java:68)\r\n","duration":999500,"status":"failed"},"match":{"location":"stepDefination.Banking_Login.teardown()"}}],"type":"scenario","keyword":"Scenario Outline","steps":[{"result":{"status":"skipped"},"line":6,"name":"I navigate to the guru99 website","match":{"location":"stepDefination.Banking_Login.I_navigate_to_the_guru99_website()"},"keyword":"Given "},{"result":{"status":"skipped"},"line":7,"name":"enter Username as \"name2\" and Password as \"7\"","match":{"arguments":[{"val":"name2","offset":19},{"val":"7","offset":43}],"location":"stepDefination.Banking_Login.enter_Username_as_and_Password_as(java.lang.String,java.lang.String)"},"keyword":"When "},{"result":{"status":"skipped"},"line":8,"name":"I click on Login","match":{"location":"stepDefination.Banking_Login.I_click_on_Login()"},"keyword":"And "},{"result":{"status":"skipped"},"line":9,"name":"User login based on expected \"Fail\" status","match":{"arguments":[{"val":"Fail","offset":30}],"location":"stepDefination.Banking_Login.User_login_based_on_expected_status(java.lang.String)"},"keyword":"Then "}]}],"name":"Login with guru99 web application","description":"","id":"login-with-guru99-web-application","keyword":"Feature","uri":"file:features/banking.feature","tags":[]},{"line":1,"elements":[{"start_timestamp":"2022-11-10T15:41:40.846Z","before":[{"result":{"error_message":"org.openqa.selenium.SessionNotCreatedException: Could not start a new session. Response code 500. Message: session not created: This version of ChromeDriver only supports Chrome version 105\nCurrent browser version is 107.0.5304.87 with binary path C:\\Program Files (x86)\\Google\\Chrome\\Application\\chrome.exe \nHost info: host: 'BPS', ip: '192.168.34.206'\nBuild info: version: '4.5.0', revision: 'fe167b119a'\nSystem info: os.name: 'Windows 11', os.arch: 'amd64', os.version: '10.0', java.version: '18.0.1.1'\nDriver info: org.openqa.selenium.chrome.ChromeDriver\nCommand: [null, newSession {capabilities=[Capabilities {browserName: chrome, goog:chromeOptions: {args: [], extensions: []}}], desiredCapabilities=Capabilities {browserName: chrome, goog:chromeOptions: {args: [], extensions: []}}}]\r\n\tat org.openqa.selenium.remote.ProtocolHandshake.createSession(ProtocolHandshake.java:144)\r\n\tat org.openqa.selenium.remote.ProtocolHandshake.createSession(ProtocolHandshake.java:102)\r\n\tat org.openqa.selenium.remote.ProtocolHandshake.createSession(ProtocolHandshake.java:67)\r\n\tat org.openqa.selenium.remote.HttpCommandExecutor.execute(HttpCommandExecutor.java:156)\r\n\tat org.openqa.selenium.remote.service.DriverCommandExecutor.invokeExecute(DriverCommandExecutor.java:167)\r\n\tat org.openqa.selenium.remote.service.DriverCommandExecutor.execute(DriverCommandExecutor.java:142)\r\n\tat org.openqa.selenium.remote.RemoteWebDriver.execute(RemoteWebDriver.java:547)\r\n\tat org.openqa.selenium.remote.RemoteWebDriver.startSession(RemoteWebDriver.java:242)\r\n\tat org.openqa.selenium.remote.RemoteWebDriver.<init>(RemoteWebDriver.java:157)\r\n\tat org.openqa.selenium.chromium.ChromiumDriver.<init>(ChromiumDriver.java:101)\r\n\tat org.openqa.selenium.chrome.ChromeDriver.<init>(ChromeDriver.java:81)\r\n\tat org.openqa.selenium.chrome.ChromeDriver.<init>(ChromeDriver.java:49)\r\n\tat stepDefination.Banking_Login.setup(Banking_Login.java:21)\r\n","duration":963027400,"status":"failed"},"match":{"location":"stepDefination.Banking_Login.setup()"}}],"line":10,"name":"User should only be able to login with valid credentials","description":"","id":"login-to-the-omayo-application;user-should-only-be-able-to-login-with-valid-credentials;;2","after":[{"result":{"error_message":"java.lang.NullPointerException: Cannot invoke \"org.openqa.selenium.WebDriver.quit()\" because \"this.driver\" is null\r\n\tat stepDefination.Banking_Login.teardown(Banking_Login.java:68)\r\n","duration":995200,"status":"failed"},"match":{"location":"stepDefination.Banking_Login.teardown()"}}],"type":"scenario","keyword":"Scenario Outline","steps":[{"result":{"status":"skipped"},"line":4,"name":"I navigate to the omayo website","match":{"location":"stepDefination.Login.I_navigate_to_the_omayo_website()"},"keyword":"Given "},{"result":{"status":"skipped"},"line":5,"name":"I enter Username as \"arun\" and Password as \"pswd1\" into the fields","match":{"arguments":[{"val":"arun","offset":21},{"val":"pswd1","offset":44}],"location":"stepDefination.Login.I_enter_Username_as_and_Password_as(java.lang.String,java.lang.String)"},"keyword":"When "},{"result":{"status":"skipped"},"line":6,"name":"I click on Login button","match":{"location":"stepDefination.Login.I_click_on_Login_button()"},"keyword":"And "},{"result":{"status":"skipped"},"line":7,"name":"User should login based on expected \"failure\" status","match":{"arguments":[{"val":"failure","offset":37}],"location":"stepDefination.Login.User_should_login_based_on_expected_status(java.lang.String)"},"keyword":"Then "}]},{"start_timestamp":"2022-11-10T15:41:41.829Z","before":[{"result":{"error_message":"org.openqa.selenium.SessionNotCreatedException: Could not start a new session. Response code 500. Message: session not created: This version of ChromeDriver only supports Chrome version 105\nCurrent browser version is 107.0.5304.87 with binary path C:\\Program Files (x86)\\Google\\Chrome\\Application\\chrome.exe \nHost info: host: 'BPS', ip: '192.168.34.206'\nBuild info: version: '4.5.0', revision: 'fe167b119a'\nSystem info: os.name: 'Windows 11', os.arch: 'amd64', os.version: '10.0', java.version: '18.0.1.1'\nDriver info: org.openqa.selenium.chrome.ChromeDriver\nCommand: [null, newSession {capabilities=[Capabilities {browserName: chrome, goog:chromeOptions: {args: [], extensions: []}}], desiredCapabilities=Capabilities {browserName: chrome, goog:chromeOptions: {args: [], extensions: []}}}]\r\n\tat org.openqa.selenium.remote.ProtocolHandshake.createSession(ProtocolHandshake.java:144)\r\n\tat org.openqa.selenium.remote.ProtocolHandshake.createSession(ProtocolHandshake.java:102)\r\n\tat org.openqa.selenium.remote.ProtocolHandshake.createSession(ProtocolHandshake.java:67)\r\n\tat org.openqa.selenium.remote.HttpCommandExecutor.execute(HttpCommandExecutor.java:156)\r\n\tat org.openqa.selenium.remote.service.DriverCommandExecutor.invokeExecute(DriverCommandExecutor.java:167)\r\n\tat org.openqa.selenium.remote.service.DriverCommandExecutor.execute(DriverCommandExecutor.java:142)\r\n\tat org.openqa.selenium.remote.RemoteWebDriver.execute(RemoteWebDriver.java:547)\r\n\tat org.openqa.selenium.remote.RemoteWebDriver.startSession(RemoteWebDriver.java:242)\r\n\tat org.openqa.selenium.remote.RemoteWebDriver.<init>(RemoteWebDriver.java:157)\r\n\tat org.openqa.selenium.chromium.ChromiumDriver.<init>(ChromiumDriver.java:101)\r\n\tat org.openqa.selenium.chrome.ChromeDriver.<init>(ChromeDriver.java:81)\r\n\tat org.openqa.selenium.chrome.ChromeDriver.<init>(ChromeDriver.java:49)\r\n\tat stepDefination.Banking_Login.setup(Banking_Login.java:21)\r\n","duration":1073485600,"status":"failed"},"match":{"location":"stepDefination.Banking_Login.setup()"}}],"line":11,"name":"User should only be able to login with valid credentials","description":"","id":"login-to-the-omayo-application;user-should-only-be-able-to-login-with-valid-credentials;;3","after":[{"result":{"error_message":"java.lang.NullPointerException: Cannot invoke \"org.openqa.selenium.WebDriver.quit()\" because \"this.driver\" is null\r\n\tat stepDefination.Banking_Login.teardown(Banking_Login.java:68)\r\n","status":"failed"},"match":{"location":"stepDefination.Banking_Login.teardown()"}}],"type":"scenario","keyword":"Scenario Outline","steps":[{"result":{"status":"skipped"},"line":4,"name":"I navigate to the omayo website","match":{"location":"stepDefination.Login.I_navigate_to_the_omayo_website()"},"keyword":"Given "},{"result":{"status":"skipped"},"line":5,"name":"I enter Username as \"SeleniumByArun\" and Password as \"Test143$\" into the fields","match":{"arguments":[{"val":"SeleniumByArun","offset":21},{"val":"Test143$","offset":54}],"location":"stepDefination.Login.I_enter_Username_as_and_Password_as(java.lang.String,java.lang.String)"},"keyword":"When "},{"result":{"status":"skipped"},"line":6,"name":"I click on Login button","match":{"location":"stepDefination.Login.I_click_on_Login_button()"},"keyword":"And "},{"result":{"status":"skipped"},"line":7,"name":"User should login based on expected \"success\" status","match":{"arguments":[{"val":"success","offset":37}],"location":"stepDefination.Login.User_should_login_based_on_expected_status(java.lang.String)"},"keyword":"Then "}]},{"start_timestamp":"2022-11-10T15:41:42.910Z","before":[{"result":{"error_message":"org.openqa.selenium.SessionNotCreatedException: Could not start a new session. Response code 500. Message: session not created: This version of ChromeDriver only supports Chrome version 105\nCurrent browser version is 107.0.5304.87 with binary path C:\\Program Files (x86)\\Google\\Chrome\\Application\\chrome.exe \nHost info: host: 'BPS', ip: '192.168.34.206'\nBuild info: version: '4.5.0', revision: 'fe167b119a'\nSystem info: os.name: 'Windows 11', os.arch: 'amd64', os.version: '10.0', java.version: '18.0.1.1'\nDriver info: org.openqa.selenium.chrome.ChromeDriver\nCommand: [null, newSession {capabilities=[Capabilities {browserName: chrome, goog:chromeOptions: {args: [], extensions: []}}], desiredCapabilities=Capabilities {browserName: chrome, goog:chromeOptions: {args: [], extensions: []}}}]\r\n\tat org.openqa.selenium.remote.ProtocolHandshake.createSession(ProtocolHandshake.java:144)\r\n\tat org.openqa.selenium.remote.ProtocolHandshake.createSession(ProtocolHandshake.java:102)\r\n\tat org.openqa.selenium.remote.ProtocolHandshake.createSession(ProtocolHandshake.java:67)\r\n\tat org.openqa.selenium.remote.HttpCommandExecutor.execute(HttpCommandExecutor.java:156)\r\n\tat org.openqa.selenium.remote.service.DriverCommandExecutor.invokeExecute(DriverCommandExecutor.java:167)\r\n\tat org.openqa.selenium.remote.service.DriverCommandExecutor.execute(DriverCommandExecutor.java:142)\r\n\tat org.openqa.selenium.remote.RemoteWebDriver.execute(RemoteWebDriver.java:547)\r\n\tat org.openqa.selenium.remote.RemoteWebDriver.startSession(RemoteWebDriver.java:242)\r\n\tat org.openqa.selenium.remote.RemoteWebDriver.<init>(RemoteWebDriver.java:157)\r\n\tat org.openqa.selenium.chromium.ChromiumDriver.<init>(ChromiumDriver.java:101)\r\n\tat org.openqa.selenium.chrome.ChromeDriver.<init>(ChromeDriver.java:81)\r\n\tat org.openqa.selenium.chrome.ChromeDriver.<init>(ChromeDriver.java:49)\r\n\tat stepDefination.Banking_Login.setup(Banking_Login.java:21)\r\n","duration":1100234100,"status":"failed"},"match":{"location":"stepDefination.Banking_Login.setup()"}}],"line":12,"name":"User should only be able to login with valid credentials","description":"","id":"login-to-the-omayo-application;user-should-only-be-able-to-login-with-valid-credentials;;4","after":[{"result":{"error_message":"java.lang.NullPointerException: Cannot invoke \"org.openqa.selenium.WebDriver.quit()\" because \"this.driver\" is null\r\n\tat stepDefination.Banking_Login.teardown(Banking_Login.java:68)\r\n","duration":1001400,"status":"failed"},"match":{"location":"stepDefination.Banking_Login.teardown()"}}],"type":"scenario","keyword":"Scenario Outline","steps":[{"result":{"status":"skipped"},"line":4,"name":"I navigate to the omayo website","match":{"location":"stepDefination.Login.I_navigate_to_the_omayo_website()"},"keyword":"Given "},{"result":{"status":"skipped"},"line":5,"name":"I enter Username as \"motoori\" and Password as \"pswd2\" into the fields","match":{"arguments":[{"val":"motoori","offset":21},{"val":"pswd2","offset":47}],"location":"stepDefination.Login.I_enter_Username_as_and_Password_as(java.lang.String,java.lang.String)"},"keyword":"When "},{"result":{"status":"skipped"},"line":6,"name":"I click on Login button","match":{"location":"stepDefination.Login.I_click_on_Login_button()"},"keyword":"And "},{"result":{"status":"skipped"},"line":7,"name":"User should login based on expected \"failure\" status","match":{"arguments":[{"val":"failure","offset":37}],"location":"stepDefination.Login.User_should_login_based_on_expected_status(java.lang.String)"},"keyword":"Then "}]}],"name":"Login to the omayo application","description":"","id":"login-to-the-omayo-application","keyword":"Feature","uri":"file:features/login.feature","tags":[]},{"line":1,"elements":[{"start_timestamp":"2022-11-10T15:41:44.043Z","before":[{"result":{"error_message":"org.openqa.selenium.SessionNotCreatedException: Could not start a new session. Response code 500. Message: session not created: This version of ChromeDriver only supports Chrome version 105\nCurrent browser version is 107.0.5304.87 with binary path C:\\Program Files (x86)\\Google\\Chrome\\Application\\chrome.exe \nHost info: host: 'BPS', ip: '192.168.34.206'\nBuild info: version: '4.5.0', revision: 'fe167b119a'\nSystem info: os.name: 'Windows 11', os.arch: 'amd64', os.version: '10.0', java.version: '18.0.1.1'\nDriver info: org.openqa.selenium.chrome.ChromeDriver\nCommand: [null, newSession {capabilities=[Capabilities {browserName: chrome, goog:chromeOptions: {args: [], extensions: []}}], desiredCapabilities=Capabilities {browserName: chrome, goog:chromeOptions: {args: [], extensions: []}}}]\r\n\tat org.openqa.selenium.remote.ProtocolHandshake.createSession(ProtocolHandshake.java:144)\r\n\tat org.openqa.selenium.remote.ProtocolHandshake.createSession(ProtocolHandshake.java:102)\r\n\tat org.openqa.selenium.remote.ProtocolHandshake.createSession(ProtocolHandshake.java:67)\r\n\tat org.openqa.selenium.remote.HttpCommandExecutor.execute(HttpCommandExecutor.java:156)\r\n\tat org.openqa.selenium.remote.service.DriverCommandExecutor.invokeExecute(DriverCommandExecutor.java:167)\r\n\tat org.openqa.selenium.remote.service.DriverCommandExecutor.execute(DriverCommandExecutor.java:142)\r\n\tat org.openqa.selenium.remote.RemoteWebDriver.execute(RemoteWebDriver.java:547)\r\n\tat org.openqa.selenium.remote.RemoteWebDriver.startSession(RemoteWebDriver.java:242)\r\n\tat org.openqa.selenium.remote.RemoteWebDriver.<init>(RemoteWebDriver.java:157)\r\n\tat org.openqa.selenium.chromium.ChromiumDriver.<init>(ChromiumDriver.java:101)\r\n\tat org.openqa.selenium.chrome.ChromeDriver.<init>(ChromeDriver.java:81)\r\n\tat org.openqa.selenium.chrome.ChromeDriver.<init>(ChromeDriver.java:49)\r\n\tat stepDefination.Banking_Login.setup(Banking_Login.java:21)\r\n","duration":996362900,"status":"failed"},"match":{"location":"stepDefination.Banking_Login.setup()"}}],"line":4,"name":"Register an account with valid details","description":"","id":"registratio-tests;register-an-account-with-valid-details","after":[{"result":{"error_message":"java.lang.NullPointerException: Cannot invoke \"org.openqa.selenium.WebDriver.quit()\" because \"this.driver\" is null\r\n\tat stepDefination.Banking_Login.teardown(Banking_Login.java:68)\r\n","status":"failed"},"match":{"location":"stepDefination.Banking_Login.teardown()"}}],"type":"scenario","keyword":"Scenario","steps":[{"result":{"status":"skipped"},"line":5,"name":"User navigates to Registration page","match":{"location":"stepDefination.Register.user_navigates_to_Registration_page()"},"keyword":"Given "},{"result":{"status":"skipped"},"line":6,"name":"User provies the following details into the input fields","match":{"location":"stepDefination.Register.user_provies_the_following_details_into_the_input_fields(io.cucumber.datatable.DataTable)"},"rows":[{"cells":["firstName","arun"]},{"cells":["lastName","motoori"]},{"cells":["email","chrun.motoori@yahoo.co.in"]},{"cells":["phone","12345678"]},{"cells":["password","SeleniumTester$"]}],"keyword":"When "},{"result":{"status":"skipped"},"line":12,"name":"Selects the privacy policy option","match":{"location":"stepDefination.Register.selects_the_privacy_policy_option()"},"keyword":"And "},{"result":{"status":"skipped"},"line":13,"name":"Clicks on Continue button","match":{"location":"stepDefination.Register.clicks_on_Continue_button()"},"keyword":"And "},{"result":{"status":"skipped"},"line":14,"name":"User should get successfully registered","match":{"location":"stepDefination.Register.user_should_get_successfully_registered()"},"keyword":"Then "}],"tags":[{"name":"@wip"}]}],"name":"Registratio Tests","description":"","id":"registratio-tests","keyword":"Feature","uri":"file:features/loginfun.feature","tags":[]},{"line":1,"elements":[{"start_timestamp":"2022-11-10T15:41:45.058Z","before":[{"result":{"error_message":"org.openqa.selenium.SessionNotCreatedException: Could not start a new session. Response code 500. Message: session not created: This version of ChromeDriver only supports Chrome version 105\nCurrent browser version is 107.0.5304.87 with binary path C:\\Program Files (x86)\\Google\\Chrome\\Application\\chrome.exe \nHost info: host: 'BPS', ip: '192.168.34.206'\nBuild info: version: '4.5.0', revision: 'fe167b119a'\nSystem info: os.name: 'Windows 11', os.arch: 'amd64', os.version: '10.0', java.version: '18.0.1.1'\nDriver info: org.openqa.selenium.chrome.ChromeDriver\nCommand: [null, newSession {capabilities=[Capabilities {browserName: chrome, goog:chromeOptions: {args: [], extensions: []}}], desiredCapabilities=Capabilities {browserName: chrome, goog:chromeOptions: {args: [], extensions: []}}}]\r\n\tat org.openqa.selenium.remote.ProtocolHandshake.createSession(ProtocolHandshake.java:144)\r\n\tat org.openqa.selenium.remote.ProtocolHandshake.createSession(ProtocolHandshake.java:102)\r\n\tat org.openqa.selenium.remote.ProtocolHandshake.createSession(ProtocolHandshake.java:67)\r\n\tat org.openqa.selenium.remote.HttpCommandExecutor.execute(HttpCommandExecutor.java:156)\r\n\tat org.openqa.selenium.remote.service.DriverCommandExecutor.invokeExecute(DriverCommandExecutor.java:167)\r\n\tat org.openqa.selenium.remote.service.DriverCommandExecutor.execute(DriverCommandExecutor.java:142)\r\n\tat org.openqa.selenium.remote.RemoteWebDriver.execute(RemoteWebDriver.java:547)\r\n\tat org.openqa.selenium.remote.RemoteWebDriver.startSession(RemoteWebDriver.java:242)\r\n\tat org.openqa.selenium.remote.RemoteWebDriver.<init>(RemoteWebDriver.java:157)\r\n\tat org.openqa.selenium.chromium.ChromiumDriver.<init>(ChromiumDriver.java:101)\r\n\tat org.openqa.selenium.chrome.ChromeDriver.<init>(ChromeDriver.java:81)\r\n\tat org.openqa.selenium.chrome.ChromeDriver.<init>(ChromeDriver.java:49)\r\n\tat stepDefination.Banking_Login.setup(Banking_Login.java:21)\r\n","duration":1035122500,"status":"failed"},"match":{"location":"stepDefination.Banking_Login.setup()"}}],"line":3,"name":"I am a good software tester and my boss loves me","description":"","id":"life-of-a-software-tester-and-his-boss;i-am-a-good-software-tester-and-my-boss-loves-me","after":[{"result":{"error_message":"java.lang.NullPointerException: Cannot invoke \"org.openqa.selenium.WebDriver.quit()\" because \"this.driver\" is null\r\n\tat stepDefination.Banking_Login.teardown(Banking_Login.java:68)\r\n","duration":997600,"status":"failed"},"match":{"location":"stepDefination.Banking_Login.teardown()"}}],"type":"scenario","keyword":"Scenario","steps":[{"result":{"status":"skipped"},"line":4,"name":"I am a good software tester","match":{"arguments":[{"val":"good","offset":7}],"location":"stepDefination.Sofwtwaretester.I_am_a_good_software_tester(java.lang.String)"},"keyword":"Given "},{"result":{"status":"skipped"},"line":5,"name":"I go to work","match":{"location":"stepDefination.Sofwtwaretester.I_go_to_work()"},"keyword":"When "},{"result":{"status":"skipped"},"line":6,"name":"I involve with it","match":{"arguments":[{"val":"involve","offset":2}],"location":"stepDefination.Sofwtwaretester.I_involve_with_it(java.lang.String)"},"keyword":"And "},{"result":{"status":"skipped"},"line":7,"name":"My boss loves me","match":{"arguments":[{"val":"loves","offset":8}],"location":"stepDefination.Sofwtwaretester.My_boss_loves_me(java.lang.String)"},"keyword":"Then "}]},{"start_timestamp":"2022-11-10T15:41:46.106Z","before":[{"result":{"error_message":"org.openqa.selenium.SessionNotCreatedException: Could not start a new session. Response code 500. Message: session not created: This version of ChromeDriver only supports Chrome version 105\nCurrent browser version is 107.0.5304.87 with binary path C:\\Program Files (x86)\\Google\\Chrome\\Application\\chrome.exe \nHost info: host: 'BPS', ip: '192.168.34.206'\nBuild info: version: '4.5.0', revision: 'fe167b119a'\nSystem info: os.name: 'Windows 11', os.arch: 'amd64', os.version: '10.0', java.version: '18.0.1.1'\nDriver info: org.openqa.selenium.chrome.ChromeDriver\nCommand: [null, newSession {capabilities=[Capabilities {browserName: chrome, goog:chromeOptions: {args: [], extensions: []}}], desiredCapabilities=Capabilities {browserName: chrome, goog:chromeOptions: {args: [], extensions: []}}}]\r\n\tat org.openqa.selenium.remote.ProtocolHandshake.createSession(ProtocolHandshake.java:144)\r\n\tat org.openqa.selenium.remote.ProtocolHandshake.createSession(ProtocolHandshake.java:102)\r\n\tat org.openqa.selenium.remote.ProtocolHandshake.createSession(ProtocolHandshake.java:67)\r\n\tat org.openqa.selenium.remote.HttpCommandExecutor.execute(HttpCommandExecutor.java:156)\r\n\tat org.openqa.selenium.remote.service.DriverCommandExecutor.invokeExecute(DriverCommandExecutor.java:167)\r\n\tat org.openqa.selenium.remote.service.DriverCommandExecutor.execute(DriverCommandExecutor.java:142)\r\n\tat org.openqa.selenium.remote.RemoteWebDriver.execute(RemoteWebDriver.java:547)\r\n\tat org.openqa.selenium.remote.RemoteWebDriver.startSession(RemoteWebDriver.java:242)\r\n\tat org.openqa.selenium.remote.RemoteWebDriver.<init>(RemoteWebDriver.java:157)\r\n\tat org.openqa.selenium.chromium.ChromiumDriver.<init>(ChromiumDriver.java:101)\r\n\tat org.openqa.selenium.chrome.ChromeDriver.<init>(ChromeDriver.java:81)\r\n\tat org.openqa.selenium.chrome.ChromeDriver.<init>(ChromeDriver.java:49)\r\n\tat stepDefination.Banking_Login.setup(Banking_Login.java:21)\r\n","duration":1109626100,"status":"failed"},"match":{"location":"stepDefination.Banking_Login.setup()"}}],"line":9,"name":"I am a average software tester and my boss forgives me","description":"","id":"life-of-a-software-tester-and-his-boss;i-am-a-average-software-tester-and-my-boss-forgives-me","after":[{"result":{"error_message":"java.lang.NullPointerException: Cannot invoke \"org.openqa.selenium.WebDriver.quit()\" because \"this.driver\" is null\r\n\tat stepDefination.Banking_Login.teardown(Banking_Login.java:68)\r\n","duration":996700,"status":"failed"},"match":{"location":"stepDefination.Banking_Login.teardown()"}}],"type":"scenario","keyword":"Scenario","steps":[{"result":{"status":"skipped"},"line":10,"name":"I am a average software tester","match":{"arguments":[{"val":"average","offset":7}],"location":"stepDefination.Sofwtwaretester.I_am_a_good_software_tester(java.lang.String)"},"keyword":"Given "},{"result":{"status":"skipped"},"line":11,"name":"I go to work","match":{"location":"stepDefination.Sofwtwaretester.I_go_to_work()"},"keyword":"When "},{"result":{"status":"skipped"},"line":12,"name":"I work with it","match":{"arguments":[{"val":"work","offset":2}],"location":"stepDefination.Sofwtwaretester.I_involve_with_it(java.lang.String)"},"keyword":"And "},{"result":{"status":"skipped"},"line":13,"name":"My boss forgives me","match":{"arguments":[{"val":"forgives","offset":8}],"location":"stepDefination.Sofwtwaretester.My_boss_loves_me(java.lang.String)"},"keyword":"Then "}]},{"start_timestamp":"2022-11-10T15:41:47.234Z","before":[{"result":{"error_message":"org.openqa.selenium.SessionNotCreatedException: Could not start a new session. Response code 500. Message: session not created: This version of ChromeDriver only supports Chrome version 105\nCurrent browser version is 107.0.5304.87 with binary path C:\\Program Files (x86)\\Google\\Chrome\\Application\\chrome.exe \nHost info: host: 'BPS', ip: '192.168.34.206'\nBuild info: version: '4.5.0', revision: 'fe167b119a'\nSystem info: os.name: 'Windows 11', os.arch: 'amd64', os.version: '10.0', java.version: '18.0.1.1'\nDriver info: org.openqa.selenium.chrome.ChromeDriver\nCommand: [null, newSession {capabilities=[Capabilities {browserName: chrome, goog:chromeOptions: {args: [], extensions: []}}], desiredCapabilities=Capabilities {browserName: chrome, goog:chromeOptions: {args: [], extensions: []}}}]\r\n\tat org.openqa.selenium.remote.ProtocolHandshake.createSession(ProtocolHandshake.java:144)\r\n\tat org.openqa.selenium.remote.ProtocolHandshake.createSession(ProtocolHandshake.java:102)\r\n\tat org.openqa.selenium.remote.ProtocolHandshake.createSession(ProtocolHandshake.java:67)\r\n\tat org.openqa.selenium.remote.HttpCommandExecutor.execute(HttpCommandExecutor.java:156)\r\n\tat org.openqa.selenium.remote.service.DriverCommandExecutor.invokeExecute(DriverCommandExecutor.java:167)\r\n\tat org.openqa.selenium.remote.service.DriverCommandExecutor.execute(DriverCommandExecutor.java:142)\r\n\tat org.openqa.selenium.remote.RemoteWebDriver.execute(RemoteWebDriver.java:547)\r\n\tat org.openqa.selenium.remote.RemoteWebDriver.startSession(RemoteWebDriver.java:242)\r\n\tat org.openqa.selenium.remote.RemoteWebDriver.<init>(RemoteWebDriver.java:157)\r\n\tat org.openqa.selenium.chromium.ChromiumDriver.<init>(ChromiumDriver.java:101)\r\n\tat org.openqa.selenium.chrome.ChromeDriver.<init>(ChromeDriver.java:81)\r\n\tat org.openqa.selenium.chrome.ChromeDriver.<init>(ChromeDriver.java:49)\r\n\tat stepDefination.Banking_Login.setup(Banking_Login.java:21)\r\n","duration":1062337100,"status":"failed"},"match":{"location":"stepDefination.Banking_Login.setup()"}}],"line":15,"name":"I am a bad software tester and my boss hates me","description":"","id":"life-of-a-software-tester-and-his-boss;i-am-a-bad-software-tester-and-my-boss-hates-me","after":[{"result":{"error_message":"java.lang.NullPointerException: Cannot invoke \"org.openqa.selenium.WebDriver.quit()\" because \"this.driver\" is null\r\n\tat stepDefination.Banking_Login.teardown(Banking_Login.java:68)\r\n","duration":998900,"status":"failed"},"match":{"location":"stepDefination.Banking_Login.teardown()"}}],"type":"scenario","keyword":"Scenario","steps":[{"result":{"status":"skipped"},"line":16,"name":"I am a bad software tester","match":{"arguments":[{"val":"bad","offset":7}],"location":"stepDefination.Sofwtwaretester.I_am_a_good_software_tester(java.lang.String)"},"keyword":"Given "},{"result":{"status":"skipped"},"line":17,"name":"I go to work","match":{"location":"stepDefination.Sofwtwaretester.I_go_to_work()"},"keyword":"When "},{"result":{"status":"skipped"},"line":18,"name":"I mess with it","match":{"arguments":[{"val":"mess","offset":2}],"location":"stepDefination.Sofwtwaretester.I_involve_with_it(java.lang.String)"},"keyword":"And "},{"result":{"status":"skipped"},"line":19,"name":"My boss hates me","match":{"arguments":[{"val":"hates","offset":8}],"location":"stepDefination.Sofwtwaretester.My_boss_loves_me(java.lang.String)"},"keyword":"Then "}]}],"name":"Life of a software tester and his boss","description":"","id":"life-of-a-software-tester-and-his-boss","keyword":"Feature","uri":"file:features/softwaretester.feature","tags":[]}]