<?xml version="1.0" encoding="UTF-8"?>
<!-- Generated by org.testng.reporters.JUnitXMLReporter -->
<testsuite ignored="0" hostname="BPS" failures="0" tests="7" name="Default test" time="0.1" errors="0" timestamp="2022-10-21T02:06:18 IST">
  <testcase classname="utility.BaseClass" name="@BeforeSuite intiallize_Browser" time="-1.666298178017E9">
    <failure type="org.testng.TestNGException" message="
Parameter &amp;apos;browser&amp;apos; is required by BeforeSuite on method intiallize_Browser but has not been marked @Optional or defined
in C:\Users\hp\AppData\Local\Temp\testng-eclipse--57351650\testng-customsuite.xml">
      <![CDATA[org.testng.TestNGException: 
Parameter 'browser' is required by BeforeSuite on method intiallize_Browser but has not been marked @Optional or defined
in C:\Users\hp\AppData\Local\Temp\testng-eclipse--57351650\testng-customsuite.xml
at org.testng.internal.Parameters.createParams(Parameters.java:270)
at org.testng.internal.Parameters.createParametersForMethod(Parameters.java:358)
at org.testng.internal.Parameters.createParameters(Parameters.java:700)
at org.testng.internal.Parameters.createConfigurationParameters(Parameters.java:168)
at org.testng.internal.ConfigInvoker.invokeConfigurations(ConfigInvoker.java:302)
at org.testng.SuiteRunner.privateRun(SuiteRunner.java:317)
at org.testng.SuiteRunner.run(SuiteRunner.java:276)
at org.testng.SuiteRunnerWorker.runSuite(SuiteRunnerWorker.java:53)
at org.testng.SuiteRunnerWorker.run(SuiteRunnerWorker.java:96)
at org.testng.TestNG.runSuitesSequentially(TestNG.java:1212)
at org.testng.TestNG.runSuitesLocally(TestNG.java:1134)
at org.testng.TestNG.runSuites(TestNG.java:1063)
at org.testng.TestNG.run(TestNG.java:1031)
at org.testng.remote.AbstractRemoteTestNG.run(AbstractRemoteTestNG.java:115)
at org.testng.remote.RemoteTestNG.initAndRun(RemoteTestNG.java:251)
at org.testng.remote.RemoteTestNG.main(RemoteTestNG.java:77)
]]>
    </failure>
  </testcase> <!-- @BeforeSuite intiallize_Browser -->
  <testcase classname="test.components.Login_test_001" name="@AfterMethod onTestFailure" time="-1.666298178087E9">
    <skipped/>
  </testcase> <!-- @AfterMethod onTestFailure -->
  <testcase classname="test.components.Login_test_001" name="login_test_01" time="0.0">
    <skipped/>
  </testcase> <!-- login_test_01 -->
  <testcase classname="test.components.Login_test_001" name="addtoCart_02" time="0.0">
    <skipped/>
  </testcase> <!-- addtoCart_02 -->
  <testcase classname="test.components.Login_test_001" name="cartPage_03" time="0.0">
    <skipped/>
  </testcase> <!-- cartPage_03 -->
  <testcase classname="test.components.Login_test_001" name="enterInformation_04" time="0.0">
    <skipped/>
  </testcase> <!-- enterInformation_04 -->
  <testcase classname="test.components.Login_test_001" name="overview_05" time="0.0">
    <skipped/>
  </testcase> <!-- overview_05 -->
  <testcase classname="test.components.Login_test_001" name="complete_06" time="0.0">
    <skipped/>
  </testcase> <!-- complete_06 -->
  <testcase classname="test.components.Login_test_001" name="logout_07" time="0.0">
    <skipped/>
  </testcase> <!-- logout_07 -->
</testsuite> <!-- Default test -->
