<?xml version="1.0" encoding="UTF-8"?>
<!-- Generated by org.testng.reporters.JUnitXMLReporter -->
<testsuite ignored="0" hostname="BPS" failures="0" tests="7" name="Default test" time="0.123" errors="0" timestamp="2022-10-17T13:45:18 IST">
  <testcase classname="bankingguru99.testcase.Base_class" name="@BeforeClass intiallize_Browser" time="-1.665994518339E9">
    <failure type="org.testng.TestNGException" message="
Can inject only one of &amp;lt;ITestContext, XmlTest&amp;gt; into a @BeforeClass annotated intiallize_Browser.
For more information on native dependency injection please refer to https://testng.org/doc/documentation-main.html#native-dependency-injection">
      <![CDATA[org.testng.TestNGException: 
Can inject only one of <ITestContext, XmlTest> into a @BeforeClass annotated intiallize_Browser.
For more information on native dependency injection please refer to https://testng.org/doc/documentation-main.html#native-dependency-injection
at org.testng.internal.Parameters.checkParameterTypes(Parameters.java:439)
at org.testng.internal.Parameters.createParametersForMethod(Parameters.java:353)
at org.testng.internal.Parameters.createParameters(Parameters.java:708)
at org.testng.internal.Parameters.createConfigurationParameters(Parameters.java:168)
at org.testng.internal.ConfigInvoker.invokeConfigurations(ConfigInvoker.java:302)
at org.testng.internal.TestMethodWorker.invokeBeforeClassMethods(TestMethodWorker.java:176)
at org.testng.internal.TestMethodWorker.run(TestMethodWorker.java:122)
at java.base/java.util.ArrayList.forEach(ArrayList.java:1511)
at org.testng.TestRunner.privateRun(TestRunner.java:794)
at org.testng.TestRunner.run(TestRunner.java:596)
at org.testng.SuiteRunner.runTest(SuiteRunner.java:377)
at org.testng.SuiteRunner.runSequentially(SuiteRunner.java:371)
at org.testng.SuiteRunner.privateRun(SuiteRunner.java:332)
at org.testng.SuiteRunner.run(SuiteRunner.java:276)
at org.testng.SuiteRunnerWorker.runSuite(SuiteRunnerWorker.java:53)
at org.testng.SuiteRunnerWorker.run(SuiteRunnerWorker.java:96)
at org.testng.TestNG.runSuitesSequentially(TestNG.java:1212)
at org.testng.TestNG.runSuitesLocally(TestNG.java:1134)
at org.testng.TestNG.runSuites(TestNG.java:1063)
at org.testng.TestNG.run(TestNG.java:1031)
at org.testng.remote.AbstractRemoteTestNG.run(AbstractRemoteTestNG.java:115)
at org.testng.remote.RemoteTestNG.initAndRun(RemoteTestNG.java:251)
at org.testng.remote.RemoteTestNG.main(RemoteTestNG.java:77)
]]>
    </failure>
  </testcase> <!-- @BeforeClass intiallize_Browser -->
  <testcase classname="bankingguru99.testcase.Base_class" name="@AfterClass tearDown" time="-1.665994518431E9">
    <skipped/>
  </testcase> <!-- @AfterClass tearDown -->
  <testcase classname="framework.TestComponent.testclass" name="loginTest" time="0.0">
    <skipped/>
  </testcase> <!-- loginTest -->
  <testcase classname="framework.TestComponent.testclass" name="addnewcustTest" time="0.001">
    <skipped/>
  </testcase> <!-- addnewcustTest -->
  <testcase classname="framework.TestComponent.testclass" name="handleiframe" time="0.0">
    <skipped/>
  </testcase> <!-- handleiframe -->
  <testcase classname="framework.TestComponent.testclass" name="createNewUSer" time="0.0">
    <skipped/>
  </testcase> <!-- createNewUSer -->
  <testcase classname="framework.TestComponent.testclass" name="confirmMessage" time="0.0">
    <skipped/>
  </testcase> <!-- confirmMessage -->
  <testcase classname="framework.TestComponent.testclass" name="EditCustomer" time="0.0">
    <skipped/>
  </testcase> <!-- EditCustomer -->
  <testcase classname="framework.TestComponent.testclass" name="deleteCustomer" time="0.0">
    <skipped/>
  </testcase> <!-- deleteCustomer -->
</testsuite> <!-- Default test -->
