<?xml version="1.0" encoding="UTF-8"?>
<!-- Generated by org.testng.reporters.JUnitReportReporter -->
<testsuite hostname="BPS" failures="1" tests="14" name="framework.TestComponent.TC_loginTest_id_001" time="158.402" errors="1" timestamp="2022-10-12T02:40:32 IST" skipped="12">
  <testcase classname="framework.TestComponent.TC_loginTest_id_001" name="handleiframe" time="0.000">
    <skipped/>
  </testcase> <!-- handleiframe -->
  <system-out/>
  <testcase classname="framework.TestComponent.TC_loginTest_id_001" name="handleiframe" time="0.000">
    <skipped/>
  </testcase> <!-- handleiframe -->
  <system-out/>
  <testcase classname="framework.TestComponent.TC_loginTest_id_001" name="deleteCustomer" time="0.000">
    <skipped/>
  </testcase> <!-- deleteCustomer -->
  <system-out/>
  <testcase classname="framework.TestComponent.TC_loginTest_id_001" name="confirmMessage" time="0.000">
    <skipped/>
  </testcase> <!-- confirmMessage -->
  <system-out/>
  <testcase classname="framework.TestComponent.TC_loginTest_id_001" name="EditCustomer" time="0.000">
    <skipped/>
  </testcase> <!-- EditCustomer -->
  <system-out/>
  <testcase classname="framework.TestComponent.TC_loginTest_id_001" name="createNewUSer" time="0.000">
    <skipped/>
  </testcase> <!-- createNewUSer -->
  <system-out/>
  <testcase classname="framework.TestComponent.TC_loginTest_id_001" name="EditCustomer" time="0.000">
    <skipped/>
  </testcase> <!-- EditCustomer -->
  <system-out/>
  <testcase classname="framework.TestComponent.TC_loginTest_id_001" name="loginTest" time="62.299">
    <error message="unexpected alert open: {Alert text : User or Password is not valid}
  (Session info: MicrosoftEdge=104.0.1293.63): User or Password is not valid
Build info: version: &#039;4.4.0&#039;, revision: &#039;e5c75ed026a&#039;
System info: host: &#039;BPS&#039;, ip: &#039;192.168.110.206&#039;, os.name: &#039;Windows 11&#039;, os.arch: &#039;amd64&#039;, os.version: &#039;10.0&#039;, java.version: &#039;18.0.1.1&#039;
Driver info: org.openqa.selenium.edge.EdgeDriver
Command: [1e4061e1b05d53c828ec38e3de637f61, clickElement {id=f5ca3aac-8ff2-43f2-83a7-d7ca731096cc}]
Capabilities {acceptInsecureCerts: false, browserName: msedge, browserVersion: 104.0.1293.63, ms:edgeOptions: {debuggerAddress: localhost:51681}, msedge: {msedgedriverVersion: 104.0.1293.47 (246533a39fec..., userDataDir: C:\Users\hp\AppData\Local\T...}, networkConnectionEnabled: false, pageLoadStrategy: normal, platformName: WINDOWS, proxy: Proxy(), se:cdp: ws://localhost:51681/devtoo..., se:cdpVersion: 104.0.1293.63, setWindowRect: true, strictFileInteractability: false, timeouts: {implicit: 0, pageLoad: 300000, script: 30000}, unhandledPromptBehavior: dismiss and notify, webauthn:extension:credBlob: true, webauthn:extension:largeBlob: true, webauthn:virtualAuthenticators: true}
Element: [[EdgeDriver: msedge on WINDOWS (1e4061e1b05d53c828ec38e3de637f61)] -&gt; xpath: //input[@name=&#039;btnLogin&#039;]]
Session ID: 1e4061e1b05d53c828ec38e3de637f61" type="org.openqa.selenium.UnhandledAlertException">
      <![CDATA[org.openqa.selenium.UnhandledAlertException: unexpected alert open: {Alert text : User or Password is not valid}
  (Session info: MicrosoftEdge=104.0.1293.63): User or Password is not valid
Build info: version: '4.4.0', revision: 'e5c75ed026a'
System info: host: 'BPS', ip: '192.168.110.206', os.name: 'Windows 11', os.arch: 'amd64', os.version: '10.0', java.version: '18.0.1.1'
Driver info: org.openqa.selenium.edge.EdgeDriver
Command: [1e4061e1b05d53c828ec38e3de637f61, clickElement {id=f5ca3aac-8ff2-43f2-83a7-d7ca731096cc}]
Capabilities {acceptInsecureCerts: false, browserName: msedge, browserVersion: 104.0.1293.63, ms:edgeOptions: {debuggerAddress: localhost:51681}, msedge: {msedgedriverVersion: 104.0.1293.47 (246533a39fec..., userDataDir: C:\Users\hp\AppData\Local\T...}, networkConnectionEnabled: false, pageLoadStrategy: normal, platformName: WINDOWS, proxy: Proxy(), se:cdp: ws://localhost:51681/devtoo..., se:cdpVersion: 104.0.1293.63, setWindowRect: true, strictFileInteractability: false, timeouts: {implicit: 0, pageLoad: 300000, script: 30000}, unhandledPromptBehavior: dismiss and notify, webauthn:extension:credBlob: true, webauthn:extension:largeBlob: true, webauthn:virtualAuthenticators: true}
Element: [[EdgeDriver: msedge on WINDOWS (1e4061e1b05d53c828ec38e3de637f61)] -> xpath: //input[@name='btnLogin']]
Session ID: 1e4061e1b05d53c828ec38e3de637f61
at org.openqa.selenium.remote.codec.w3c.W3CHttpResponseCodec.decode(W3CHttpResponseCodec.java:131)
at org.openqa.selenium.remote.codec.w3c.W3CHttpResponseCodec.decode(W3CHttpResponseCodec.java:53)
at org.openqa.selenium.remote.HttpCommandExecutor.execute(HttpCommandExecutor.java:184)
at org.openqa.selenium.remote.service.DriverCommandExecutor.invokeExecute(DriverCommandExecutor.java:167)
at org.openqa.selenium.remote.service.DriverCommandExecutor.execute(DriverCommandExecutor.java:142)
at org.openqa.selenium.remote.RemoteWebDriver.execute(RemoteWebDriver.java:547)
at org.openqa.selenium.remote.RemoteWebElement.execute(RemoteWebElement.java:257)
at org.openqa.selenium.remote.RemoteWebElement.click(RemoteWebElement.java:78)
at java.base/jdk.internal.reflect.DirectMethodHandleAccessor.invoke(DirectMethodHandleAccessor.java:104)
at java.base/java.lang.reflect.Method.invoke(Method.java:577)
at org.openqa.selenium.support.pagefactory.internal.LocatingElementHandler.invoke(LocatingElementHandler.java:52)
at jdk.proxy2/jdk.proxy2.$Proxy18.click(Unknown Source)
at bankingguru99.loginPage.submitButton(loginPage.java:39)
at framework.TestComponent.TC_loginTest_id_001.loginTest(TC_loginTest_id_001.java:30)
at java.base/jdk.internal.reflect.DirectMethodHandleAccessor.invoke(DirectMethodHandleAccessor.java:104)
at java.base/java.lang.reflect.Method.invoke(Method.java:577)
at org.testng.internal.MethodInvocationHelper.invokeMethod(MethodInvocationHelper.java:133)
at org.testng.internal.TestInvoker.invokeMethod(TestInvoker.java:598)
at org.testng.internal.TestInvoker.invokeTestMethod(TestInvoker.java:173)
at org.testng.internal.MethodRunner.runInSequence(MethodRunner.java:46)
at org.testng.internal.TestInvoker$MethodInvocationAgent.invoke(TestInvoker.java:824)
at org.testng.internal.TestInvoker.invokeTestMethods(TestInvoker.java:146)
at org.testng.internal.TestMethodWorker.invokeTestMethods(TestMethodWorker.java:146)
at org.testng.internal.TestMethodWorker.run(TestMethodWorker.java:128)
at java.base/java.util.ArrayList.forEach(ArrayList.java:1511)
at org.testng.TestRunner.privateRun(TestRunner.java:794)
at org.testng.TestRunner.run(TestRunner.java:596)
at org.testng.SuiteRunner.runTest(SuiteRunner.java:377)
at org.testng.SuiteRunner.access$000(SuiteRunner.java:28)
at org.testng.SuiteRunner$SuiteWorker.run(SuiteRunner.java:418)
at org.testng.internal.thread.ThreadUtil.lambda$execute$0(ThreadUtil.java:64)
at java.base/java.util.concurrent.FutureTask.run(FutureTask.java:264)
at java.base/java.util.concurrent.ThreadPoolExecutor.runWorker(ThreadPoolExecutor.java:1136)
at java.base/java.util.concurrent.ThreadPoolExecutor$Worker.run(ThreadPoolExecutor.java:635)
at java.base/java.lang.Thread.run(Thread.java:833)
]]>
    </error>
  </testcase> <!-- loginTest -->
  <system-out/>
  <testcase classname="framework.TestComponent.TC_loginTest_id_001" name="addnewcustTest" time="0.000">
    <skipped/>
  </testcase> <!-- addnewcustTest -->
  <system-out/>
  <testcase classname="framework.TestComponent.TC_loginTest_id_001" name="createNewUSer" time="0.000">
    <skipped/>
  </testcase> <!-- createNewUSer -->
  <system-out/>
  <testcase classname="framework.TestComponent.TC_loginTest_id_001" name="loginTest" time="96.103">
    <failure message="expected [true] but found [false]" type="java.lang.AssertionError">
      <![CDATA[java.lang.AssertionError: expected [true] but found [false]
at org.testng.Assert.fail(Assert.java:99)
at org.testng.Assert.failNotEquals(Assert.java:1037)
at org.testng.Assert.assertTrue(Assert.java:45)
at org.testng.Assert.assertTrue(Assert.java:55)
at framework.TestComponent.TC_loginTest_id_001.loginTest(TC_loginTest_id_001.java:37)
at java.base/jdk.internal.reflect.DirectMethodHandleAccessor.invoke(DirectMethodHandleAccessor.java:104)
at java.base/java.lang.reflect.Method.invoke(Method.java:577)
at org.testng.internal.MethodInvocationHelper.invokeMethod(MethodInvocationHelper.java:133)
at org.testng.internal.TestInvoker.invokeMethod(TestInvoker.java:598)
at org.testng.internal.TestInvoker.invokeTestMethod(TestInvoker.java:173)
at org.testng.internal.MethodRunner.runInSequence(MethodRunner.java:46)
at org.testng.internal.TestInvoker$MethodInvocationAgent.invoke(TestInvoker.java:824)
at org.testng.internal.TestInvoker.invokeTestMethods(TestInvoker.java:146)
at org.testng.internal.TestMethodWorker.invokeTestMethods(TestMethodWorker.java:146)
at org.testng.internal.TestMethodWorker.run(TestMethodWorker.java:128)
at java.base/java.util.ArrayList.forEach(ArrayList.java:1511)
at org.testng.TestRunner.privateRun(TestRunner.java:794)
at org.testng.TestRunner.run(TestRunner.java:596)
at org.testng.SuiteRunner.runTest(SuiteRunner.java:377)
at org.testng.SuiteRunner.access$000(SuiteRunner.java:28)
at org.testng.SuiteRunner$SuiteWorker.run(SuiteRunner.java:418)
at org.testng.internal.thread.ThreadUtil.lambda$execute$0(ThreadUtil.java:64)
at java.base/java.util.concurrent.FutureTask.run(FutureTask.java:264)
at java.base/java.util.concurrent.ThreadPoolExecutor.runWorker(ThreadPoolExecutor.java:1136)
at java.base/java.util.concurrent.ThreadPoolExecutor$Worker.run(ThreadPoolExecutor.java:635)
at java.base/java.lang.Thread.run(Thread.java:833)
]]>
    </failure>
  </testcase> <!-- loginTest -->
  <system-out/>
  <testcase classname="framework.TestComponent.TC_loginTest_id_001" name="confirmMessage" time="0.000">
    <skipped/>
  </testcase> <!-- confirmMessage -->
  <system-out/>
  <testcase classname="framework.TestComponent.TC_loginTest_id_001" name="deleteCustomer" time="0.000">
    <skipped/>
  </testcase> <!-- deleteCustomer -->
  <system-out/>
  <testcase classname="framework.TestComponent.TC_loginTest_id_001" name="addnewcustTest" time="0.000">
    <skipped/>
  </testcase> <!-- addnewcustTest -->
  <system-out/>
</testsuite> <!-- framework.TestComponent.TC_loginTest_id_001 -->
